Arguments: 
  /usr/local/bin/node /usr/local/Cellar/yarn/1.9.4/libexec/bin/yarn.js add semantic-ui-add

PATH: 
  ~/.npm-global/bin:/Users/rachelinkala/.rbenv/shims:/Applications/Postgres.app/Contents/Versions/10/bin:/usr/local/bin:/usr/bin:/bin:/usr/sbin:/sbin:/Users/rachelinkala/.npm-global/bin

Yarn version: 
  1.9.4

Node version: 
  10.9.0

Platform: 
  darwin x64

Trace: 
  Error: https://registry.yarnpkg.com/semantic-ui-add: Not found
      at Request.params.callback [as _callback] (/usr/local/Cellar/yarn/1.9.4/libexec/lib/cli.js:64202:18)
      at Request.self.callback (/usr/local/Cellar/yarn/1.9.4/libexec/lib/cli.js:137468:22)
      at Request.emit (events.js:182:13)
      at Request.<anonymous> (/usr/local/Cellar/yarn/1.9.4/libexec/lib/cli.js:138440:10)
      at Request.emit (events.js:182:13)
      at IncomingMessage.<anonymous> (/usr/local/Cellar/yarn/1.9.4/libexec/lib/cli.js:138362:12)
      at Object.onceWrapper (events.js:273:13)
      at IncomingMessage.emit (events.js:187:15)
      at endReadableNT (_stream_readable.js:1085:12)
      at process._tickCallback (internal/process/next_tick.js:63:19)

npm manifest: 
  {
    "name": "create-repack-app",
    "version": "1.0.0",
    "scripts": {
      "build": "cd client && npm install --only=dev && npm install && npm run build && cd ..",
      "deploy": "cp -a client/build/. public/",
      "heroku-postbuild": "npm run build && npm run deploy && echo 'Client Built'"
    },
    "keywords": [],
    "author": "",
    "license": "ISC"
  }

yarn manifest: 
  No manifest

Lockfile: 
  No lockfile
